Arguments: 
  /Users/davidedelhart/.nvm/versions/node/v14.9.0/bin/node /usr/local/Cellar/yarn/1.21.1/libexec/bin/yarn.js

PATH: 
  /Users/davidedelhart/.nvm/versions/node/v14.9.0/bin:/Users/davidedelhart/.rbenv/shims:/usr/local/opt/openssl@1.1/bin:/Users/davidedelhart/.rbenv/shims:/usr/local/bin:/usr/bin:/bin:/usr/sbin:/sbin:/Users/davidedelhart/.gem/ruby/2.3.0/bin :/Users/davidedelhart/Documents/repos/rollup-react/node_modules/.bin

Yarn version: 
  1.21.1

Node version: 
  14.9.0

Platform: 
  darwin x64

Trace: 
  Error: https://registry.yarnpkg.com/@mynamespace%2flooking-glass-engine: Not found
      at Request.params.callback [as _callback] (/usr/local/Cellar/yarn/1.21.1/libexec/lib/cli.js:66947:18)
      at Request.self.callback (/usr/local/Cellar/yarn/1.21.1/libexec/lib/cli.js:140665:22)
      at Request.emit (events.js:314:20)
      at Request.<anonymous> (/usr/local/Cellar/yarn/1.21.1/libexec/lib/cli.js:141637:10)
      at Request.emit (events.js:314:20)
      at IncomingMessage.<anonymous> (/usr/local/Cellar/yarn/1.21.1/libexec/lib/cli.js:141559:12)
      at Object.onceWrapper (events.js:420:28)
      at IncomingMessage.emit (events.js:326:22)
      at endReadableNT (_stream_readable.js:1244:12)
      at processTicksAndRejections (internal/process/task_queues.js:80:21)

npm manifest: 
  {
    "name": "@mynamespace/react-mycomponent",
    "version": "1.0.5",
    "description": "A starter for making a react component",
    "main": "lib/index.js",
    "module": "es/index.js",
    "files": [
      "es",
      "lib",
      "umd"
    ],
    "scripts": {
      "testb": "yarn build; tap test test/* -R=base",
      "testbo": "yarn build;TAP_ONLY=1 tap test test/* -R=base",
      "test": "tap test test/* -R=base",
      "testo": "TAP_ONLY=1 tap test test/* -R=base",
      "build": "node_modules/rollup/dist/bin/rollup -c='rollup.config.js'",
      "doc": "gitdocs serve"
    },
    "dependencies": {
      "@mynamespace/looking-glass-engine": "^3.3.5",
      "lodash.isequal": "^4.5.0",
      "prop-types": "^15.7.2"
    },
    "peerDependencies": {
      "react": "^17.0.0",
      "styled-components": "^5.2.0"
    },
    "devDependencies": {
      "@rollup/plugin-commonjs": "^15.0.0",
      "@rollup/plugin-node-resolve": "^9.0.0",
      "babel-eslint": "^10.0.3",
      "documentation": "^13.0.2",
      "eslint": "^6.3.0",
      "eslint-config-airbnb": "^18.0.1",
      "eslint-plugin-import": "^2.18.2",
      "eslint-plugin-jsx-a11y": "^6.2.3",
      "eslint-plugin-react": "^7.14.3",
      "eslint-plugin-react-hooks": "^2.1.1",
      "gitdocs": "^2.0.0",
      "react-is": "^17.0.0",
      "rollup": "^1.22.0",
      "rollup-plugin-babel": "^4.4.0",
      "rollup-plugin-bundle-size": "^1.0.3",
      "rollup-plugin-commonjs": "^10.1.0",
      "rollup-plugin-node-resolve": "^5.2.0",
      "rollup-plugin-terser": "^7.0.1",
      "stream-array": "^1.1.2",
      "tap": "^14.10.7",
      "vinyl-fs": "^3.0.3"
    },
    "author": "David Edelhart",
    "license": "MIT",
    "repository": "https://github.com/bingomanatee/react-picker"
  }

yarn manifest: 
  No manifest

Lockfile: 
  No lockfile
